{"total": {"lines":{"total":6934,"covered":6619,"skipped":0,"pct":95.45},"statements":{"total":6934,"covered":6619,"skipped":0,"pct":95.45},"functions":{"total":217,"covered":207,"skipped":0,"pct":95.39},"branches":{"total":1279,"covered":1092,"skipped":0,"pct":85.37},"branchesTrue":{"total":0,"covered":0,"skipped":0,"pct":"Unknown"}}
,"/home/runner/work/helloworld-vr-raia/helloworld-vr-raia/js/interactions.js": {"lines":{"total":3602,"covered":3334,"skipped":0,"pct":92.55},"functions":{"total":170,"covered":162,"skipped":0,"pct":95.29},"statements":{"total":3602,"covered":3334,"skipped":0,"pct":92.55},"branches":{"total":919,"covered":789,"skipped":0,"pct":85.85}}
,"/home/runner/work/helloworld-vr-raia/helloworld-vr-raia/js/lucide-icons.js": {"lines":{"total":59,"covered":59,"skipped":0,"pct":100},"functions":{"total":2,"covered":2,"skipped":0,"pct":100},"statements":{"total":59,"covered":59,"skipped":0,"pct":100},"branches":{"total":10,"covered":8,"skipped":0,"pct":80}}
,"/home/runner/work/helloworld-vr-raia/helloworld-vr-raia/js/main.js": {"lines":{"total":25,"covered":25,"skipped":0,"pct":100},"functions":{"total":2,"covered":2,"skipped":0,"pct":100},"statements":{"total":25,"covered":25,"skipped":0,"pct":100},"branches":{"total":7,"covered":7,"skipped":0,"pct":100}}
,"/home/runner/work/helloworld-vr-raia/helloworld-vr-raia/js/scene.js": {"lines":{"total":3218,"covered":3171,"skipped":0,"pct":98.53},"functions":{"total":42,"covered":40,"skipped":0,"pct":95.23},"statements":{"total":3218,"covered":3171,"skipped":0,"pct":98.53},"branches":{"total":337,"covered":282,"skipped":0,"pct":83.67}}
,"/home/runner/work/helloworld-vr-raia/helloworld-vr-raia/js/vendor.js": {"lines":{"total":30,"covered":30,"skipped":0,"pct":100},"functions":{"total":1,"covered":1,"skipped":0,"pct":100},"statements":{"total":30,"covered":30,"skipped":0,"pct":100},"branches":{"total":6,"covered":6,"skipped":0,"pct":100}}
}
